<?xml version="1.0" encoding="UTF-8"?>
<testng-results ignored="0" total="1" passed="1" failed="0" skipped="0">
  <reporter-output>
    <line>
      <![CDATA[Successfully Launched Chrome Browser]]>
    </line>
    <line>
      <![CDATA[Browser window is maximized successfully]]>
    </line>
  </reporter-output>
  <suite started-at="2023-01-02T09:55:30 IST" name="Default suite" finished-at="2023-01-02T09:55:38 IST" duration-ms="7622">
    <groups>
    </groups>
    <test started-at="2023-01-02T09:55:30 IST" name="Default test" finished-at="2023-01-02T09:55:38 IST" duration-ms="7622">
      <class name="Users.Test_Case_03">
        <test-method is-config="true" signature="openTheBrowser(java.lang.String)[pri:0, instance:Users.Test_Case_03@378542de]" started-at="2023-01-02T09:55:30 IST" name="openTheBrowser" finished-at="2023-01-02T09:55:34 IST" duration-ms="3831" status="PASS">
          <params>
            <param index="0">
              <value>
                <![CDATA[chrome]]>
              </value>
            </param>
          </params>
          <reporter-output>
            <line>
              <![CDATA[Successfully Launched Chrome Browser]]>
            </line>
            <line>
              <![CDATA[Browser window is maximized successfully]]>
            </line>
          </reporter-output>
        </test-method> <!-- openTheBrowser -->
        <test-method is-config="true" signature="loginToApplication()[pri:0, instance:Users.Test_Case_03@378542de]" started-at="2023-01-02T09:55:34 IST" name="loginToApplication" finished-at="2023-01-02T09:55:37 IST" duration-ms="3418" status="PASS">
          <reporter-output>
          </reporter-output>
        </test-method> <!-- loginToApplication -->
        <test-method signature="Sample3()[pri:0, instance:Users.Test_Case_03@378542de]" started-at="2023-01-02T09:55:37 IST" name="Sample3" finished-at="2023-01-02T09:55:38 IST" duration-ms="329" status="PASS">
          <reporter-output>
          </reporter-output>
        </test-method> <!-- Sample3 -->
      </class> <!-- Users.Test_Case_03 -->
    </test> <!-- Default test -->
  </suite> <!-- Default suite -->
</testng-results>
